<?xml version="1.0" encoding="UTF-8"?>
<testng-results ignored="0" total="1" passed="1" failed="0" skipped="0">
  <reporter-output>
  </reporter-output>
  <suite started-at="2023-08-08T13:58:50 IST" name="OrangeHRMApp" finished-at="2023-08-08T13:59:22 IST" duration-ms="32659">
    <groups>
      <group name="EndToEndTesting">
        <method signature="LoginPageTest.validateLoginPageFunctionaliy()[pri:0, instance:TestLayer.LoginPageTest@4d154ccd]" name="validateLoginPageFunctionaliy" class="TestLayer.LoginPageTest"/>
      </group> <!-- EndToEndTesting -->
      <group name="LoginPage">
        <method signature="LoginPageTest.validateLoginPageFunctionaliy()[pri:0, instance:TestLayer.LoginPageTest@4d154ccd]" name="validateLoginPageFunctionaliy" class="TestLayer.LoginPageTest"/>
      </group> <!-- LoginPage -->
    </groups>
    <test started-at="2023-08-08T13:58:50 IST" name="Test" finished-at="2023-08-08T13:59:22 IST" duration-ms="32659">
      <class name="TestLayer.LoginPageTest">
        <test-method is-config="true" signature="setUp(java.lang.String)[pri:0, instance:TestLayer.LoginPageTest@4d154ccd]" started-at="2023-08-08T13:58:50 IST" name="setUp" finished-at="2023-08-08T13:59:20 IST" duration-ms="30273" status="PASS">
          <params>
            <param index="0">
              <value>
                <![CDATA[chrome]]>
              </value>
            </param>
          </params>
          <reporter-output>
          </reporter-output>
        </test-method> <!-- setUp -->
        <test-method signature="validateLoginPageFunctionaliy()[pri:0, instance:TestLayer.LoginPageTest@4d154ccd]" started-at="2023-08-08T13:59:20 IST" name="validateLoginPageFunctionaliy" finished-at="2023-08-08T13:59:22 IST" duration-ms="2348" status="PASS">
          <reporter-output>
          </reporter-output>
        </test-method> <!-- validateLoginPageFunctionaliy -->
      </class> <!-- TestLayer.LoginPageTest -->
    </test> <!-- Test -->
  </suite> <!-- OrangeHRMApp -->
</testng-results>
